0 info it worked if it ends with ok
1 verbose cli [ 'D:\\tool\\dev\\nodejs\\node.exe',
1 verbose cli   'D:\\tool\\dev\\nodejs\\node_modules\\npm\\bin\\npm-cli.js',
1 verbose cli   'install',
1 verbose cli   'ejs' ]
2 info using npm@2.14.12
3 info using node@v4.3.1
4 verbose install initial load of D:\tool\dev\nodejs\dev\blog\package.json
5 verbose installManyTop reading scoped package data from D:\tool\dev\nodejs\dev\blog\node_modules\body-parser\package.json
6 verbose installManyTop reading scoped package data from D:\tool\dev\nodejs\dev\blog\node_modules\cookie-parser\package.json
7 verbose installManyTop reading scoped package data from D:\tool\dev\nodejs\dev\blog\node_modules\debug\package.json
8 verbose installManyTop reading scoped package data from D:\tool\dev\nodejs\dev\blog\node_modules\express\package.json
9 verbose installManyTop reading scoped package data from D:\tool\dev\nodejs\dev\blog\node_modules\jade\package.json
10 verbose installManyTop reading scoped package data from D:\tool\dev\nodejs\dev\blog\node_modules\morgan\package.json
11 verbose installManyTop reading scoped package data from D:\tool\dev\nodejs\dev\blog\node_modules\serve-favicon\package.json
12 verbose readDependencies loading dependencies from D:\tool\dev\nodejs\dev\blog\package.json
13 silly cache add args [ 'ejs', null ]
14 verbose cache add spec ejs
15 silly cache add parsed spec Result {
15 silly cache add   raw: 'ejs',
15 silly cache add   scope: null,
15 silly cache add   name: 'ejs',
15 silly cache add   rawSpec: '',
15 silly cache add   spec: 'latest',
15 silly cache add   type: 'tag' }
16 silly addNamed ejs@latest
17 verbose addNamed "latest" is being treated as a dist-tag for ejs
18 info addNameTag [ 'ejs', 'latest' ]
19 silly mapToRegistry name ejs
20 silly mapToRegistry using default registry
21 silly mapToRegistry registry https://registry.npmjs.org/
22 silly mapToRegistry uri https://registry.npmjs.org/ejs
23 verbose addNameTag registry:https://registry.npmjs.org/ejs not in flight; fetching
24 verbose request uri https://registry.npmjs.org/ejs
25 verbose request no auth needed
26 info attempt registry request try #1 at 22:52:52
27 verbose request id f48c59217e6693c9
28 http request GET https://registry.npmjs.org/ejs
29 info retry will retry, error on last attempt: Error: read ECONNRESET
30 info attempt registry request try #2 at 22:53:35
31 http request GET https://registry.npmjs.org/ejs
32 info retry will retry, error on last attempt: Error: read ECONNRESET
33 info attempt registry request try #3 at 22:55:06
34 http request GET https://registry.npmjs.org/ejs
35 verbose stack Error: read ECONNRESET
35 verbose stack     at exports._errnoException (util.js:870:11)
35 verbose stack     at TLSWrap.onread (net.js:544:26)
36 verbose cwd D:\tool\dev\nodejs\dev\blog
37 error Windows_NT 10.0.10586
38 error argv "D:\\tool\\dev\\nodejs\\node.exe" "D:\\tool\\dev\\nodejs\\node_modules\\npm\\bin\\npm-cli.js" "install" "ejs"
39 error node v4.3.1
40 error npm  v2.14.12
41 error code ECONNRESET
42 error errno ECONNRESET
43 error syscall read
44 error network read ECONNRESET
44 error network This is most likely not a problem with npm itself
44 error network and is related to network connectivity.
44 error network In most cases you are behind a proxy or have bad network settings.
44 error network
44 error network If you are behind a proxy, please make sure that the
44 error network 'proxy' config is set properly.  See: 'npm help config'
45 verbose exit [ 1, true ]
